2023-02-16T10:53:13.205+05:30  WARN 23732 --- [restartedMain] JpaBaseConfiguration$JpaWebConfiguration : spring.jpa.open-in-view is enabled by default. Therefore, database queries may be performed during view rendering. Explicitly configure spring.jpa.open-in-view to disable this warning
2023-02-16T10:59:43.927+05:30  WARN 25984 --- [restartedMain] JpaBaseConfiguration$JpaWebConfiguration : spring.jpa.open-in-view is enabled by default. Therefore, database queries may be performed during view rendering. Explicitly configure spring.jpa.open-in-view to disable this warning
2023-02-16T11:00:42.773+05:30  WARN 17528 --- [restartedMain] JpaBaseConfiguration$JpaWebConfiguration : spring.jpa.open-in-view is enabled by default. Therefore, database queries may be performed during view rendering. Explicitly configure spring.jpa.open-in-view to disable this warning
2023-02-16T11:02:02.449+05:30  INFO 35036 --- [restartedMain] c.e.e.EmployeePayrollApplication         : Starting EmployeePayrollApplication using Java 17.0.6 with PID 35036 (C:\Users\Akshay\IdeaProjects\Employee_Payroll\target\classes started by Akshay in C:\Users\Akshay\IdeaProjects\Employee_Payroll)
2023-02-16T11:02:02.451+05:30 DEBUG 35036 --- [restartedMain] c.e.e.EmployeePayrollApplication         : Running with Spring Boot v3.0.2, Spring v6.0.4
2023-02-16T11:02:02.452+05:30  INFO 35036 --- [restartedMain] c.e.e.EmployeePayrollApplication         : No active profile set, falling back to 1 default profile: "default"
2023-02-16T11:02:05.121+05:30  WARN 35036 --- [restartedMain] JpaBaseConfiguration$JpaWebConfiguration : spring.jpa.open-in-view is enabled by default. Therefore, database queries may be performed during view rendering. Explicitly configure spring.jpa.open-in-view to disable this warning
2023-02-16T11:02:05.543+05:30  INFO 35036 --- [restartedMain] c.e.e.EmployeePayrollApplication         : Started EmployeePayrollApplication in 3.598 seconds (process running for 4.464)
2023-02-16T11:02:05.549+05:30  INFO 35036 --- [restartedMain] c.e.e.EmployeePayrollApplication         : Employee Payroll App Started in COMMON Environment
2023-02-16T11:44:16.233+05:30  INFO 1784 --- [restartedMain] c.e.e.EmployeePayrollApplication         : Starting EmployeePayrollApplication using Java 17.0.6 with PID 1784 (C:\Users\Akshay\IdeaProjects\Employee_Payroll\target\classes started by Akshay in C:\Users\Akshay\IdeaProjects\Employee_Payroll)
2023-02-16T11:44:16.236+05:30  INFO 1784 --- [restartedMain] c.e.e.EmployeePayrollApplication         : No active profile set, falling back to 1 default profile: "default"
2023-02-16T11:44:16.289+05:30  INFO 1784 --- [restartedMain] .e.DevToolsPropertyDefaultsPostProcessor : Devtools property defaults active! Set 'spring.devtools.add-properties' to 'false' to disable
2023-02-16T11:44:16.289+05:30  INFO 1784 --- [restartedMain] .e.DevToolsPropertyDefaultsPostProcessor : For additional web related logging consider setting the 'logging.level.web' property to 'DEBUG'
2023-02-16T11:44:16.999+05:30  INFO 1784 --- [restartedMain] .s.d.r.c.RepositoryConfigurationDelegate : Bootstrapping Spring Data JPA repositories in DEFAULT mode.
2023-02-16T11:44:17.031+05:30  INFO 1784 --- [restartedMain] .s.d.r.c.RepositoryConfigurationDelegate : Finished Spring Data repository scanning in 19 ms. Found 0 JPA repository interfaces.
2023-02-16T11:44:17.748+05:30  INFO 1784 --- [restartedMain] o.s.b.w.embedded.tomcat.TomcatWebServer  : Tomcat initialized with port(s): 8080 (http)
2023-02-16T11:44:17.757+05:30  INFO 1784 --- [restartedMain] o.apache.catalina.core.StandardService   : Starting service [Tomcat]
2023-02-16T11:44:17.757+05:30  INFO 1784 --- [restartedMain] o.apache.catalina.core.StandardEngine    : Starting Servlet engine: [Apache Tomcat/10.1.5]
2023-02-16T11:44:17.816+05:30  INFO 1784 --- [restartedMain] o.a.c.c.C.[Tomcat].[localhost].[/]       : Initializing Spring embedded WebApplicationContext
2023-02-16T11:44:17.817+05:30  INFO 1784 --- [restartedMain] w.s.c.ServletWebServerApplicationContext : Root WebApplicationContext: initialization completed in 1527 ms
2023-02-16T11:44:17.979+05:30  INFO 1784 --- [restartedMain] o.hibernate.jpa.internal.util.LogHelper  : HHH000204: Processing PersistenceUnitInfo [name: default]
2023-02-16T11:44:18.033+05:30  INFO 1784 --- [restartedMain] org.hibernate.Version                    : HHH000412: Hibernate ORM core version 6.1.6.Final
2023-02-16T11:44:18.194+05:30  WARN 1784 --- [restartedMain] org.hibernate.orm.deprecation            : HHH90000021: Encountered deprecated setting [javax.persistence.sharedCache.mode], use [jakarta.persistence.sharedCache.mode] instead
2023-02-16T11:44:18.339+05:30  INFO 1784 --- [restartedMain] com.zaxxer.hikari.HikariDataSource       : HikariPool-1 - Starting...
2023-02-16T11:44:18.575+05:30  INFO 1784 --- [restartedMain] com.zaxxer.hikari.pool.HikariPool        : HikariPool-1 - Added connection com.mysql.cj.jdbc.ConnectionImpl@33ec2a8
2023-02-16T11:44:18.576+05:30  INFO 1784 --- [restartedMain] com.zaxxer.hikari.HikariDataSource       : HikariPool-1 - Start completed.
2023-02-16T11:44:18.653+05:30  INFO 1784 --- [restartedMain] SQL dialect                              : HHH000400: Using dialect: org.hibernate.dialect.MySQLDialect
2023-02-16T11:44:19.038+05:30  INFO 1784 --- [restartedMain] o.h.e.t.j.p.i.JtaPlatformInitiator       : HHH000490: Using JtaPlatform implementation: [org.hibernate.engine.transaction.jta.platform.internal.NoJtaPlatform]
2023-02-16T11:44:19.052+05:30  INFO 1784 --- [restartedMain] j.LocalContainerEntityManagerFactoryBean : Initialized JPA EntityManagerFactory for persistence unit 'default'
2023-02-16T11:44:19.107+05:30  WARN 1784 --- [restartedMain] JpaBaseConfiguration$JpaWebConfiguration : spring.jpa.open-in-view is enabled by default. Therefore, database queries may be performed during view rendering. Explicitly configure spring.jpa.open-in-view to disable this warning
2023-02-16T11:44:19.503+05:30  INFO 1784 --- [restartedMain] o.s.b.d.a.OptionalLiveReloadServer       : LiveReload server is running on port 35729
2023-02-16T11:44:19.588+05:30  INFO 1784 --- [restartedMain] o.s.b.w.embedded.tomcat.TomcatWebServer  : Tomcat started on port(s): 8080 (http) with context path ''
2023-02-16T11:44:19.600+05:30  INFO 1784 --- [restartedMain] c.e.e.EmployeePayrollApplication         : Started EmployeePayrollApplication in 3.838 seconds (process running for 4.572)
2023-02-16T11:44:19.604+05:30  INFO 1784 --- [restartedMain] c.e.e.EmployeePayrollApplication         : Employee Payroll App Started in COMMON Environment
2023-02-16T11:45:56.738+05:30  INFO 1784 --- [SpringApplicationShutdownHook] j.LocalContainerEntityManagerFactoryBean : Closing JPA EntityManagerFactory for persistence unit 'default'
2023-02-16T11:45:56.741+05:30  INFO 1784 --- [SpringApplicationShutdownHook] com.zaxxer.hikari.HikariDataSource       : HikariPool-1 - Shutdown initiated...
2023-02-16T11:45:56.751+05:30  INFO 1784 --- [SpringApplicationShutdownHook] com.zaxxer.hikari.HikariDataSource       : HikariPool-1 - Shutdown completed.
2023-02-16T11:46:01.650+05:30  INFO 17444 --- [restartedMain] c.e.e.EmployeePayrollApplication         : Starting EmployeePayrollApplication using Java 17.0.6 with PID 17444 (C:\Users\Akshay\IdeaProjects\Employee_Payroll\target\classes started by Akshay in C:\Users\Akshay\IdeaProjects\Employee_Payroll)
2023-02-16T11:46:01.654+05:30  INFO 17444 --- [restartedMain] c.e.e.EmployeePayrollApplication         : No active profile set, falling back to 1 default profile: "default"
2023-02-16T11:46:01.704+05:30  INFO 17444 --- [restartedMain] .e.DevToolsPropertyDefaultsPostProcessor : Devtools property defaults active! Set 'spring.devtools.add-properties' to 'false' to disable
2023-02-16T11:46:01.704+05:30  INFO 17444 --- [restartedMain] .e.DevToolsPropertyDefaultsPostProcessor : For additional web related logging consider setting the 'logging.level.web' property to 'DEBUG'
2023-02-16T11:46:02.371+05:30  INFO 17444 --- [restartedMain] .s.d.r.c.RepositoryConfigurationDelegate : Bootstrapping Spring Data JPA repositories in DEFAULT mode.
2023-02-16T11:46:02.395+05:30  INFO 17444 --- [restartedMain] .s.d.r.c.RepositoryConfigurationDelegate : Finished Spring Data repository scanning in 16 ms. Found 0 JPA repository interfaces.
2023-02-16T11:46:03.005+05:30  INFO 17444 --- [restartedMain] o.s.b.w.embedded.tomcat.TomcatWebServer  : Tomcat initialized with port(s): 8080 (http)
2023-02-16T11:46:03.015+05:30  INFO 17444 --- [restartedMain] o.apache.catalina.core.StandardService   : Starting service [Tomcat]
2023-02-16T11:46:03.015+05:30  INFO 17444 --- [restartedMain] o.apache.catalina.core.StandardEngine    : Starting Servlet engine: [Apache Tomcat/10.1.5]
2023-02-16T11:46:03.089+05:30  INFO 17444 --- [restartedMain] o.a.c.c.C.[Tomcat].[localhost].[/]       : Initializing Spring embedded WebApplicationContext
2023-02-16T11:46:03.090+05:30  INFO 17444 --- [restartedMain] w.s.c.ServletWebServerApplicationContext : Root WebApplicationContext: initialization completed in 1384 ms
2023-02-16T11:46:03.228+05:30  INFO 17444 --- [restartedMain] o.hibernate.jpa.internal.util.LogHelper  : HHH000204: Processing PersistenceUnitInfo [name: default]
2023-02-16T11:46:03.280+05:30  INFO 17444 --- [restartedMain] org.hibernate.Version                    : HHH000412: Hibernate ORM core version 6.1.6.Final
2023-02-16T11:46:03.453+05:30  WARN 17444 --- [restartedMain] org.hibernate.orm.deprecation            : HHH90000021: Encountered deprecated setting [javax.persistence.sharedCache.mode], use [jakarta.persistence.sharedCache.mode] instead
2023-02-16T11:46:03.605+05:30  INFO 17444 --- [restartedMain] com.zaxxer.hikari.HikariDataSource       : HikariPool-1 - Starting...
2023-02-16T11:46:03.795+05:30  INFO 17444 --- [restartedMain] com.zaxxer.hikari.pool.HikariPool        : HikariPool-1 - Added connection com.mysql.cj.jdbc.ConnectionImpl@1caf1e94
2023-02-16T11:46:03.797+05:30  INFO 17444 --- [restartedMain] com.zaxxer.hikari.HikariDataSource       : HikariPool-1 - Start completed.
2023-02-16T11:46:03.876+05:30  INFO 17444 --- [restartedMain] SQL dialect                              : HHH000400: Using dialect: org.hibernate.dialect.MySQLDialect
2023-02-16T11:46:04.235+05:30  INFO 17444 --- [restartedMain] o.h.e.t.j.p.i.JtaPlatformInitiator       : HHH000490: Using JtaPlatform implementation: [org.hibernate.engine.transaction.jta.platform.internal.NoJtaPlatform]
2023-02-16T11:46:04.251+05:30  INFO 17444 --- [restartedMain] j.LocalContainerEntityManagerFactoryBean : Initialized JPA EntityManagerFactory for persistence unit 'default'
2023-02-16T11:46:04.315+05:30  WARN 17444 --- [restartedMain] JpaBaseConfiguration$JpaWebConfiguration : spring.jpa.open-in-view is enabled by default. Therefore, database queries may be performed during view rendering. Explicitly configure spring.jpa.open-in-view to disable this warning
2023-02-16T11:46:04.721+05:30  INFO 17444 --- [restartedMain] o.s.b.d.a.OptionalLiveReloadServer       : LiveReload server is running on port 35729
2023-02-16T11:46:04.794+05:30  INFO 17444 --- [restartedMain] o.s.b.w.embedded.tomcat.TomcatWebServer  : Tomcat started on port(s): 8080 (http) with context path ''
2023-02-16T11:46:04.805+05:30  INFO 17444 --- [restartedMain] c.e.e.EmployeePayrollApplication         : Started EmployeePayrollApplication in 3.618 seconds (process running for 4.359)
2023-02-16T11:46:04.809+05:30  INFO 17444 --- [restartedMain] c.e.e.EmployeePayrollApplication         : Employee Payroll App Started in COMMON Environment
2023-02-16T11:46:37.719+05:30  INFO 17444 --- [SpringApplicationShutdownHook] j.LocalContainerEntityManagerFactoryBean : Closing JPA EntityManagerFactory for persistence unit 'default'
2023-02-16T11:46:37.725+05:30  INFO 17444 --- [SpringApplicationShutdownHook] com.zaxxer.hikari.HikariDataSource       : HikariPool-1 - Shutdown initiated...
2023-02-16T11:46:37.741+05:30  INFO 17444 --- [SpringApplicationShutdownHook] com.zaxxer.hikari.HikariDataSource       : HikariPool-1 - Shutdown completed.
2023-02-16T11:46:42.474+05:30  INFO 4348 --- [restartedMain] c.e.e.EmployeePayrollApplication         : Starting EmployeePayrollApplication using Java 17.0.6 with PID 4348 (C:\Users\Akshay\IdeaProjects\Employee_Payroll\target\classes started by Akshay in C:\Users\Akshay\IdeaProjects\Employee_Payroll)
2023-02-16T11:46:42.479+05:30  INFO 4348 --- [restartedMain] c.e.e.EmployeePayrollApplication         : No active profile set, falling back to 1 default profile: "default"
2023-02-16T11:46:42.535+05:30  INFO 4348 --- [restartedMain] .e.DevToolsPropertyDefaultsPostProcessor : Devtools property defaults active! Set 'spring.devtools.add-properties' to 'false' to disable
2023-02-16T11:46:42.536+05:30  INFO 4348 --- [restartedMain] .e.DevToolsPropertyDefaultsPostProcessor : For additional web related logging consider setting the 'logging.level.web' property to 'DEBUG'
2023-02-16T11:46:43.443+05:30  INFO 4348 --- [restartedMain] .s.d.r.c.RepositoryConfigurationDelegate : Bootstrapping Spring Data JPA repositories in DEFAULT mode.
2023-02-16T11:46:43.467+05:30  INFO 4348 --- [restartedMain] .s.d.r.c.RepositoryConfigurationDelegate : Finished Spring Data repository scanning in 15 ms. Found 0 JPA repository interfaces.
2023-02-16T11:46:44.083+05:30  INFO 4348 --- [restartedMain] o.s.b.w.embedded.tomcat.TomcatWebServer  : Tomcat initialized with port(s): 8080 (http)
2023-02-16T11:46:44.099+05:30  INFO 4348 --- [restartedMain] o.apache.catalina.core.StandardService   : Starting service [Tomcat]
2023-02-16T11:46:44.100+05:30  INFO 4348 --- [restartedMain] o.apache.catalina.core.StandardEngine    : Starting Servlet engine: [Apache Tomcat/10.1.5]
2023-02-16T11:46:44.179+05:30  INFO 4348 --- [restartedMain] o.a.c.c.C.[Tomcat].[localhost].[/]       : Initializing Spring embedded WebApplicationContext
2023-02-16T11:46:44.180+05:30  INFO 4348 --- [restartedMain] w.s.c.ServletWebServerApplicationContext : Root WebApplicationContext: initialization completed in 1643 ms
2023-02-16T11:46:44.341+05:30  INFO 4348 --- [restartedMain] o.hibernate.jpa.internal.util.LogHelper  : HHH000204: Processing PersistenceUnitInfo [name: default]
2023-02-16T11:46:44.393+05:30  INFO 4348 --- [restartedMain] org.hibernate.Version                    : HHH000412: Hibernate ORM core version 6.1.6.Final
2023-02-16T11:46:44.612+05:30  WARN 4348 --- [restartedMain] org.hibernate.orm.deprecation            : HHH90000021: Encountered deprecated setting [javax.persistence.sharedCache.mode], use [jakarta.persistence.sharedCache.mode] instead
2023-02-16T11:46:44.719+05:30  INFO 4348 --- [restartedMain] com.zaxxer.hikari.HikariDataSource       : HikariPool-1 - Starting...
2023-02-16T11:46:44.911+05:30  INFO 4348 --- [restartedMain] com.zaxxer.hikari.pool.HikariPool        : HikariPool-1 - Added connection com.mysql.cj.jdbc.ConnectionImpl@2a2251e0
2023-02-16T11:46:44.916+05:30  INFO 4348 --- [restartedMain] com.zaxxer.hikari.HikariDataSource       : HikariPool-1 - Start completed.
2023-02-16T11:46:44.996+05:30  INFO 4348 --- [restartedMain] SQL dialect                              : HHH000400: Using dialect: org.hibernate.dialect.MySQLDialect
2023-02-16T11:46:45.320+05:30  INFO 4348 --- [restartedMain] o.h.e.t.j.p.i.JtaPlatformInitiator       : HHH000490: Using JtaPlatform implementation: [org.hibernate.engine.transaction.jta.platform.internal.NoJtaPlatform]
2023-02-16T11:46:45.336+05:30  INFO 4348 --- [restartedMain] j.LocalContainerEntityManagerFactoryBean : Initialized JPA EntityManagerFactory for persistence unit 'default'
2023-02-16T11:46:45.416+05:30  WARN 4348 --- [restartedMain] JpaBaseConfiguration$JpaWebConfiguration : spring.jpa.open-in-view is enabled by default. Therefore, database queries may be performed during view rendering. Explicitly configure spring.jpa.open-in-view to disable this warning
2023-02-16T11:46:45.849+05:30  INFO 4348 --- [restartedMain] o.s.b.d.a.OptionalLiveReloadServer       : LiveReload server is running on port 35729
2023-02-16T11:46:45.964+05:30  INFO 4348 --- [restartedMain] o.s.b.w.embedded.tomcat.TomcatWebServer  : Tomcat started on port(s): 8080 (http) with context path ''
2023-02-16T11:46:45.987+05:30  INFO 4348 --- [restartedMain] c.e.e.EmployeePayrollApplication         : Started EmployeePayrollApplication in 4.071 seconds (process running for 4.829)
2023-02-16T11:46:45.991+05:30  INFO 4348 --- [restartedMain] c.e.e.EmployeePayrollApplication         : Employee Payroll App Started in COMMON Environment
2023-02-16T12:06:01.301+05:30  WARN 4348 --- [HikariPool-1 housekeeper] com.zaxxer.hikari.pool.HikariPool        : HikariPool-1 - Thread starvation or clock leap detected (housekeeper delta=2m16s17ms229µs600ns).
2023-02-16T12:08:02.499+05:30  INFO 4348 --- [SpringApplicationShutdownHook] j.LocalContainerEntityManagerFactoryBean : Closing JPA EntityManagerFactory for persistence unit 'default'
2023-02-16T12:08:02.501+05:30  INFO 4348 --- [SpringApplicationShutdownHook] com.zaxxer.hikari.HikariDataSource       : HikariPool-1 - Shutdown initiated...
2023-02-16T12:08:02.512+05:30  INFO 4348 --- [SpringApplicationShutdownHook] com.zaxxer.hikari.HikariDataSource       : HikariPool-1 - Shutdown completed.
2023-02-16T12:08:06.908+05:30  INFO 29748 --- [restartedMain] c.e.e.EmployeePayrollApplication         : Starting EmployeePayrollApplication using Java 17.0.6 with PID 29748 (C:\Users\Akshay\IdeaProjects\Employee_Payroll\target\classes started by Akshay in C:\Users\Akshay\IdeaProjects\Employee_Payroll)
2023-02-16T12:08:06.910+05:30  INFO 29748 --- [restartedMain] c.e.e.EmployeePayrollApplication         : No active profile set, falling back to 1 default profile: "default"
2023-02-16T12:08:06.973+05:30  INFO 29748 --- [restartedMain] .e.DevToolsPropertyDefaultsPostProcessor : Devtools property defaults active! Set 'spring.devtools.add-properties' to 'false' to disable
2023-02-16T12:08:06.974+05:30  INFO 29748 --- [restartedMain] .e.DevToolsPropertyDefaultsPostProcessor : For additional web related logging consider setting the 'logging.level.web' property to 'DEBUG'
2023-02-16T12:08:07.651+05:30  INFO 29748 --- [restartedMain] .s.d.r.c.RepositoryConfigurationDelegate : Bootstrapping Spring Data JPA repositories in DEFAULT mode.
2023-02-16T12:08:07.670+05:30  INFO 29748 --- [restartedMain] .s.d.r.c.RepositoryConfigurationDelegate : Finished Spring Data repository scanning in 11 ms. Found 0 JPA repository interfaces.
2023-02-16T12:08:08.276+05:30  INFO 29748 --- [restartedMain] o.s.b.w.embedded.tomcat.TomcatWebServer  : Tomcat initialized with port(s): 8080 (http)
2023-02-16T12:08:08.289+05:30  INFO 29748 --- [restartedMain] o.apache.catalina.core.StandardService   : Starting service [Tomcat]
2023-02-16T12:08:08.289+05:30  INFO 29748 --- [restartedMain] o.apache.catalina.core.StandardEngine    : Starting Servlet engine: [Apache Tomcat/10.1.5]
2023-02-16T12:08:08.375+05:30  INFO 29748 --- [restartedMain] o.a.c.c.C.[Tomcat].[localhost].[/]       : Initializing Spring embedded WebApplicationContext
2023-02-16T12:08:08.375+05:30  INFO 29748 --- [restartedMain] w.s.c.ServletWebServerApplicationContext : Root WebApplicationContext: initialization completed in 1400 ms
2023-02-16T12:08:08.559+05:30  INFO 29748 --- [restartedMain] o.hibernate.jpa.internal.util.LogHelper  : HHH000204: Processing PersistenceUnitInfo [name: default]
2023-02-16T12:08:08.604+05:30  INFO 29748 --- [restartedMain] org.hibernate.Version                    : HHH000412: Hibernate ORM core version 6.1.6.Final
2023-02-16T12:08:08.776+05:30  WARN 29748 --- [restartedMain] org.hibernate.orm.deprecation            : HHH90000021: Encountered deprecated setting [javax.persistence.sharedCache.mode], use [jakarta.persistence.sharedCache.mode] instead
2023-02-16T12:08:08.878+05:30  INFO 29748 --- [restartedMain] com.zaxxer.hikari.HikariDataSource       : HikariPool-1 - Starting...
2023-02-16T12:08:09.101+05:30  INFO 29748 --- [restartedMain] com.zaxxer.hikari.pool.HikariPool        : HikariPool-1 - Added connection com.mysql.cj.jdbc.ConnectionImpl@622cad3d
2023-02-16T12:08:09.104+05:30  INFO 29748 --- [restartedMain] com.zaxxer.hikari.HikariDataSource       : HikariPool-1 - Start completed.
2023-02-16T12:08:09.179+05:30  INFO 29748 --- [restartedMain] SQL dialect                              : HHH000400: Using dialect: org.hibernate.dialect.MySQLDialect
2023-02-16T12:08:09.548+05:30  INFO 29748 --- [restartedMain] o.h.e.t.j.p.i.JtaPlatformInitiator       : HHH000490: Using JtaPlatform implementation: [org.hibernate.engine.transaction.jta.platform.internal.NoJtaPlatform]
2023-02-16T12:08:09.560+05:30  INFO 29748 --- [restartedMain] j.LocalContainerEntityManagerFactoryBean : Initialized JPA EntityManagerFactory for persistence unit 'default'
2023-02-16T12:08:09.628+05:30  WARN 29748 --- [restartedMain] JpaBaseConfiguration$JpaWebConfiguration : spring.jpa.open-in-view is enabled by default. Therefore, database queries may be performed during view rendering. Explicitly configure spring.jpa.open-in-view to disable this warning
2023-02-16T12:08:10.038+05:30  INFO 29748 --- [restartedMain] o.s.b.d.a.OptionalLiveReloadServer       : LiveReload server is running on port 35729
2023-02-16T12:08:10.112+05:30  INFO 29748 --- [restartedMain] o.s.b.w.embedded.tomcat.TomcatWebServer  : Tomcat started on port(s): 8080 (http) with context path ''
2023-02-16T12:08:10.134+05:30  INFO 29748 --- [restartedMain] c.e.e.EmployeePayrollApplication         : Started EmployeePayrollApplication in 3.718 seconds (process running for 4.449)
2023-02-16T12:08:10.141+05:30  INFO 29748 --- [restartedMain] c.e.e.EmployeePayrollApplication         : Employee Payroll App Started in COMMON Environment
2023-02-16T12:10:09.974+05:30  INFO 29748 --- [SpringApplicationShutdownHook] j.LocalContainerEntityManagerFactoryBean : Closing JPA EntityManagerFactory for persistence unit 'default'
2023-02-16T12:10:09.978+05:30  INFO 29748 --- [SpringApplicationShutdownHook] com.zaxxer.hikari.HikariDataSource       : HikariPool-1 - Shutdown initiated...
2023-02-16T12:10:09.989+05:30  INFO 29748 --- [SpringApplicationShutdownHook] com.zaxxer.hikari.HikariDataSource       : HikariPool-1 - Shutdown completed.
2023-02-16T12:10:16.412+05:30  INFO 8024 --- [restartedMain] c.e.e.EmployeePayrollApplication         : Starting EmployeePayrollApplication using Java 17.0.6 with PID 8024 (C:\Users\Akshay\IdeaProjects\Employee_Payroll\target\classes started by Akshay in C:\Users\Akshay\IdeaProjects\Employee_Payroll)
2023-02-16T12:10:16.416+05:30  INFO 8024 --- [restartedMain] c.e.e.EmployeePayrollApplication         : No active profile set, falling back to 1 default profile: "default"
2023-02-16T12:10:16.482+05:30  INFO 8024 --- [restartedMain] .e.DevToolsPropertyDefaultsPostProcessor : Devtools property defaults active! Set 'spring.devtools.add-properties' to 'false' to disable
2023-02-16T12:10:16.483+05:30  INFO 8024 --- [restartedMain] .e.DevToolsPropertyDefaultsPostProcessor : For additional web related logging consider setting the 'logging.level.web' property to 'DEBUG'
2023-02-16T12:10:17.126+05:30  INFO 8024 --- [restartedMain] .s.d.r.c.RepositoryConfigurationDelegate : Bootstrapping Spring Data JPA repositories in DEFAULT mode.
2023-02-16T12:10:17.148+05:30  INFO 8024 --- [restartedMain] .s.d.r.c.RepositoryConfigurationDelegate : Finished Spring Data repository scanning in 14 ms. Found 0 JPA repository interfaces.
2023-02-16T12:10:17.833+05:30  INFO 8024 --- [restartedMain] o.s.b.w.embedded.tomcat.TomcatWebServer  : Tomcat initialized with port(s): 8080 (http)
2023-02-16T12:10:17.852+05:30  INFO 8024 --- [restartedMain] o.apache.catalina.core.StandardService   : Starting service [Tomcat]
2023-02-16T12:10:17.853+05:30  INFO 8024 --- [restartedMain] o.apache.catalina.core.StandardEngine    : Starting Servlet engine: [Apache Tomcat/10.1.5]
2023-02-16T12:10:17.922+05:30  INFO 8024 --- [restartedMain] o.a.c.c.C.[Tomcat].[localhost].[/]       : Initializing Spring embedded WebApplicationContext
2023-02-16T12:10:17.923+05:30  INFO 8024 --- [restartedMain] w.s.c.ServletWebServerApplicationContext : Root WebApplicationContext: initialization completed in 1438 ms
2023-02-16T12:10:18.125+05:30  INFO 8024 --- [restartedMain] o.hibernate.jpa.internal.util.LogHelper  : HHH000204: Processing PersistenceUnitInfo [name: default]
2023-02-16T12:10:18.176+05:30  INFO 8024 --- [restartedMain] org.hibernate.Version                    : HHH000412: Hibernate ORM core version 6.1.6.Final
2023-02-16T12:10:18.376+05:30  WARN 8024 --- [restartedMain] org.hibernate.orm.deprecation            : HHH90000021: Encountered deprecated setting [javax.persistence.sharedCache.mode], use [jakarta.persistence.sharedCache.mode] instead
2023-02-16T12:10:18.493+05:30  INFO 8024 --- [restartedMain] com.zaxxer.hikari.HikariDataSource       : HikariPool-1 - Starting...
2023-02-16T12:10:18.692+05:30  INFO 8024 --- [restartedMain] com.zaxxer.hikari.pool.HikariPool        : HikariPool-1 - Added connection com.mysql.cj.jdbc.ConnectionImpl@354a24eb
2023-02-16T12:10:18.697+05:30  INFO 8024 --- [restartedMain] com.zaxxer.hikari.HikariDataSource       : HikariPool-1 - Start completed.
2023-02-16T12:10:18.778+05:30  INFO 8024 --- [restartedMain] SQL dialect                              : HHH000400: Using dialect: org.hibernate.dialect.MySQLDialect
2023-02-16T12:10:19.095+05:30  INFO 8024 --- [restartedMain] o.h.e.t.j.p.i.JtaPlatformInitiator       : HHH000490: Using JtaPlatform implementation: [org.hibernate.engine.transaction.jta.platform.internal.NoJtaPlatform]
2023-02-16T12:10:19.103+05:30  INFO 8024 --- [restartedMain] j.LocalContainerEntityManagerFactoryBean : Initialized JPA EntityManagerFactory for persistence unit 'default'
2023-02-16T12:10:19.190+05:30  WARN 8024 --- [restartedMain] JpaBaseConfiguration$JpaWebConfiguration : spring.jpa.open-in-view is enabled by default. Therefore, database queries may be performed during view rendering. Explicitly configure spring.jpa.open-in-view to disable this warning
2023-02-16T12:10:19.550+05:30  INFO 8024 --- [restartedMain] o.s.b.d.a.OptionalLiveReloadServer       : LiveReload server is running on port 35729
2023-02-16T12:10:19.630+05:30  INFO 8024 --- [restartedMain] o.s.b.w.embedded.tomcat.TomcatWebServer  : Tomcat started on port(s): 8080 (http) with context path ''
2023-02-16T12:10:19.645+05:30  INFO 8024 --- [restartedMain] c.e.e.EmployeePayrollApplication         : Started EmployeePayrollApplication in 3.689 seconds (process running for 4.432)
2023-02-16T12:10:19.650+05:30  INFO 8024 --- [restartedMain] c.e.e.EmployeePayrollApplication         : Employee Payroll App Started in COMMON Environment
2023-02-16T12:11:14.075+05:30  INFO 8024 --- [SpringApplicationShutdownHook] j.LocalContainerEntityManagerFactoryBean : Closing JPA EntityManagerFactory for persistence unit 'default'
2023-02-16T12:11:14.079+05:30  INFO 8024 --- [SpringApplicationShutdownHook] com.zaxxer.hikari.HikariDataSource       : HikariPool-1 - Shutdown initiated...
2023-02-16T12:11:14.092+05:30  INFO 8024 --- [SpringApplicationShutdownHook] com.zaxxer.hikari.HikariDataSource       : HikariPool-1 - Shutdown completed.
2023-02-16T12:11:17.244+05:30  INFO 22620 --- [restartedMain] c.e.e.EmployeePayrollApplication         : Starting EmployeePayrollApplication using Java 17.0.6 with PID 22620 (C:\Users\Akshay\IdeaProjects\Employee_Payroll\target\classes started by Akshay in C:\Users\Akshay\IdeaProjects\Employee_Payroll)
2023-02-16T12:11:17.248+05:30  INFO 22620 --- [restartedMain] c.e.e.EmployeePayrollApplication         : No active profile set, falling back to 1 default profile: "default"
2023-02-16T12:11:17.301+05:30  INFO 22620 --- [restartedMain] .e.DevToolsPropertyDefaultsPostProcessor : Devtools property defaults active! Set 'spring.devtools.add-properties' to 'false' to disable
2023-02-16T12:11:17.302+05:30  INFO 22620 --- [restartedMain] .e.DevToolsPropertyDefaultsPostProcessor : For additional web related logging consider setting the 'logging.level.web' property to 'DEBUG'
2023-02-16T12:11:18.009+05:30  INFO 22620 --- [restartedMain] .s.d.r.c.RepositoryConfigurationDelegate : Bootstrapping Spring Data JPA repositories in DEFAULT mode.
2023-02-16T12:11:18.046+05:30  INFO 22620 --- [restartedMain] .s.d.r.c.RepositoryConfigurationDelegate : Finished Spring Data repository scanning in 24 ms. Found 0 JPA repository interfaces.
2023-02-16T12:11:18.720+05:30  INFO 22620 --- [restartedMain] o.s.b.w.embedded.tomcat.TomcatWebServer  : Tomcat initialized with port(s): 8080 (http)
2023-02-16T12:11:18.738+05:30  INFO 22620 --- [restartedMain] o.apache.catalina.core.StandardService   : Starting service [Tomcat]
2023-02-16T12:11:18.739+05:30  INFO 22620 --- [restartedMain] o.apache.catalina.core.StandardEngine    : Starting Servlet engine: [Apache Tomcat/10.1.5]
2023-02-16T12:11:18.810+05:30  INFO 22620 --- [restartedMain] o.a.c.c.C.[Tomcat].[localhost].[/]       : Initializing Spring embedded WebApplicationContext
2023-02-16T12:11:18.811+05:30  INFO 22620 --- [restartedMain] w.s.c.ServletWebServerApplicationContext : Root WebApplicationContext: initialization completed in 1507 ms
2023-02-16T12:11:19.003+05:30  INFO 22620 --- [restartedMain] o.hibernate.jpa.internal.util.LogHelper  : HHH000204: Processing PersistenceUnitInfo [name: default]
2023-02-16T12:11:19.045+05:30  INFO 22620 --- [restartedMain] org.hibernate.Version                    : HHH000412: Hibernate ORM core version 6.1.6.Final
2023-02-16T12:11:19.182+05:30  WARN 22620 --- [restartedMain] org.hibernate.orm.deprecation            : HHH90000021: Encountered deprecated setting [javax.persistence.sharedCache.mode], use [jakarta.persistence.sharedCache.mode] instead
2023-02-16T12:11:19.288+05:30  INFO 22620 --- [restartedMain] com.zaxxer.hikari.HikariDataSource       : HikariPool-1 - Starting...
2023-02-16T12:11:19.466+05:30  INFO 22620 --- [restartedMain] com.zaxxer.hikari.pool.HikariPool        : HikariPool-1 - Added connection com.mysql.cj.jdbc.ConnectionImpl@11356660
2023-02-16T12:11:19.469+05:30  INFO 22620 --- [restartedMain] com.zaxxer.hikari.HikariDataSource       : HikariPool-1 - Start completed.
2023-02-16T12:11:19.533+05:30  INFO 22620 --- [restartedMain] SQL dialect                              : HHH000400: Using dialect: org.hibernate.dialect.MySQLDialect
2023-02-16T12:11:19.845+05:30  INFO 22620 --- [restartedMain] o.h.e.t.j.p.i.JtaPlatformInitiator       : HHH000490: Using JtaPlatform implementation: [org.hibernate.engine.transaction.jta.platform.internal.NoJtaPlatform]
2023-02-16T12:11:19.860+05:30  INFO 22620 --- [restartedMain] j.LocalContainerEntityManagerFactoryBean : Initialized JPA EntityManagerFactory for persistence unit 'default'
2023-02-16T12:11:19.932+05:30  WARN 22620 --- [restartedMain] JpaBaseConfiguration$JpaWebConfiguration : spring.jpa.open-in-view is enabled by default. Therefore, database queries may be performed during view rendering. Explicitly configure spring.jpa.open-in-view to disable this warning
2023-02-16T12:11:20.300+05:30  INFO 22620 --- [restartedMain] o.s.b.d.a.OptionalLiveReloadServer       : LiveReload server is running on port 35729
2023-02-16T12:11:20.410+05:30  INFO 22620 --- [restartedMain] o.s.b.w.embedded.tomcat.TomcatWebServer  : Tomcat started on port(s): 8080 (http) with context path ''
2023-02-16T12:11:20.430+05:30  INFO 22620 --- [restartedMain] c.e.e.EmployeePayrollApplication         : Started EmployeePayrollApplication in 3.644 seconds (process running for 4.479)
2023-02-16T12:11:20.436+05:30  INFO 22620 --- [restartedMain] c.e.e.EmployeePayrollApplication         : Employee Payroll App Started in COMMON Environment
2023-02-16T12:14:49.907+05:30  INFO 22620 --- [http-nio-8080-exec-2] o.a.c.c.C.[Tomcat].[localhost].[/]       : Initializing Spring DispatcherServlet 'dispatcherServlet'
2023-02-16T12:14:49.908+05:30  INFO 22620 --- [http-nio-8080-exec-2] o.s.web.servlet.DispatcherServlet        : Initializing Servlet 'dispatcherServlet'
2023-02-16T12:14:49.911+05:30  INFO 22620 --- [http-nio-8080-exec-2] o.s.web.servlet.DispatcherServlet        : Completed initialization in 1 ms
2023-02-16T12:18:59.392+05:30  INFO 22620 --- [http-nio-8080-exec-6] o.apache.coyote.http11.Http11Processor   : Error parsing HTTP request header
 Note: further occurrences of HTTP request parsing errors will be logged at DEBUG level.

java.lang.IllegalArgumentException: Invalid character found in method name [m0xcfp0xe1XV0xfe0xe950x9a0x040xbat[XU0x9a0xa80x830xab0xba0x8c0xc10xab0x000x000x000x000xb60xd50xb20xa20xbb0x880x830xab0xba0x8c0xc20xa30xf2o0x1eI0xd90xbaL0xdb0x100x8c0xc10xab0xba0x8c0xea0x800xba0x8c0xc10xab0x920x8c0xc10xab0xba0x8c0xc10xab0xba0x8c0xc10xab0xba0x8c0xc10xab0xbb0x8d0xc10xab0xba0x8c0xd70xab0xba0x8c0xc10xab0xba0x8c0xc10xab0xba0x8c0xc10xab0xba0x8c0xc10xab0xba0x8c0xc50xab0xba0x8c0xc10xab0xba0x8c0xc10xab0x040x00...]. HTTP method names must be tokens
	at org.apache.coyote.http11.Http11InputBuffer.parseRequestLine(Http11InputBuffer.java:419) ~[tomcat-embed-core-10.1.5.jar:10.1.5]
	at org.apache.coyote.http11.Http11Processor.service(Http11Processor.java:272) ~[tomcat-embed-core-10.1.5.jar:10.1.5]
	at org.apache.coyote.AbstractProcessorLight.process(AbstractProcessorLight.java:65) ~[tomcat-embed-core-10.1.5.jar:10.1.5]
	at org.apache.coyote.AbstractProtocol$ConnectionHandler.process(AbstractProtocol.java:859) ~[tomcat-embed-core-10.1.5.jar:10.1.5]
	at org.apache.tomcat.util.net.NioEndpoint$SocketProcessor.doRun(NioEndpoint.java:1734) ~[tomcat-embed-core-10.1.5.jar:10.1.5]
	at org.apache.tomcat.util.net.SocketProcessorBase.run(SocketProcessorBase.java:52) ~[tomcat-embed-core-10.1.5.jar:10.1.5]
	at org.apache.tomcat.util.threads.ThreadPoolExecutor.runWorker(ThreadPoolExecutor.java:1191) ~[tomcat-embed-core-10.1.5.jar:10.1.5]
	at org.apache.tomcat.util.threads.ThreadPoolExecutor$Worker.run(ThreadPoolExecutor.java:659) ~[tomcat-embed-core-10.1.5.jar:10.1.5]
	at org.apache.tomcat.util.threads.TaskThread$WrappingRunnable.run(TaskThread.java:61) ~[tomcat-embed-core-10.1.5.jar:10.1.5]
	at java.base/java.lang.Thread.run(Thread.java:833) ~[na:na]

2023-02-16T12:24:09.116+05:30  INFO 22620 --- [SpringApplicationShutdownHook] j.LocalContainerEntityManagerFactoryBean : Closing JPA EntityManagerFactory for persistence unit 'default'
2023-02-16T12:24:09.121+05:30  INFO 22620 --- [SpringApplicationShutdownHook] com.zaxxer.hikari.HikariDataSource       : HikariPool-1 - Shutdown initiated...
2023-02-16T12:24:09.132+05:30  INFO 22620 --- [SpringApplicationShutdownHook] com.zaxxer.hikari.HikariDataSource       : HikariPool-1 - Shutdown completed.
2023-02-16T12:24:13.852+05:30  INFO 17984 --- [restartedMain] c.e.e.EmployeePayrollApplication         : Starting EmployeePayrollApplication using Java 17.0.6 with PID 17984 (C:\Users\Akshay\IdeaProjects\Employee_Payroll\target\classes started by Akshay in C:\Users\Akshay\IdeaProjects\Employee_Payroll)
2023-02-16T12:24:13.856+05:30  INFO 17984 --- [restartedMain] c.e.e.EmployeePayrollApplication         : No active profile set, falling back to 1 default profile: "default"
2023-02-16T12:24:13.916+05:30  INFO 17984 --- [restartedMain] .e.DevToolsPropertyDefaultsPostProcessor : Devtools property defaults active! Set 'spring.devtools.add-properties' to 'false' to disable
2023-02-16T12:24:13.917+05:30  INFO 17984 --- [restartedMain] .e.DevToolsPropertyDefaultsPostProcessor : For additional web related logging consider setting the 'logging.level.web' property to 'DEBUG'
2023-02-16T12:24:14.660+05:30  INFO 17984 --- [restartedMain] .s.d.r.c.RepositoryConfigurationDelegate : Bootstrapping Spring Data JPA repositories in DEFAULT mode.
2023-02-16T12:24:14.684+05:30  INFO 17984 --- [restartedMain] .s.d.r.c.RepositoryConfigurationDelegate : Finished Spring Data repository scanning in 15 ms. Found 0 JPA repository interfaces.
2023-02-16T12:24:15.395+05:30  INFO 17984 --- [restartedMain] o.s.b.w.embedded.tomcat.TomcatWebServer  : Tomcat initialized with port(s): 8080 (http)
2023-02-16T12:24:15.407+05:30  INFO 17984 --- [restartedMain] o.apache.catalina.core.StandardService   : Starting service [Tomcat]
2023-02-16T12:24:15.408+05:30  INFO 17984 --- [restartedMain] o.apache.catalina.core.StandardEngine    : Starting Servlet engine: [Apache Tomcat/10.1.5]
2023-02-16T12:24:15.476+05:30  INFO 17984 --- [restartedMain] o.a.c.c.C.[Tomcat].[localhost].[/]       : Initializing Spring embedded WebApplicationContext
2023-02-16T12:24:15.477+05:30  INFO 17984 --- [restartedMain] w.s.c.ServletWebServerApplicationContext : Root WebApplicationContext: initialization completed in 1560 ms
2023-02-16T12:24:15.659+05:30  INFO 17984 --- [restartedMain] o.hibernate.jpa.internal.util.LogHelper  : HHH000204: Processing PersistenceUnitInfo [name: default]
2023-02-16T12:24:15.720+05:30  INFO 17984 --- [restartedMain] org.hibernate.Version                    : HHH000412: Hibernate ORM core version 6.1.6.Final
2023-02-16T12:24:15.906+05:30  WARN 17984 --- [restartedMain] org.hibernate.orm.deprecation            : HHH90000021: Encountered deprecated setting [javax.persistence.sharedCache.mode], use [jakarta.persistence.sharedCache.mode] instead
2023-02-16T12:24:16.099+05:30  INFO 17984 --- [restartedMain] com.zaxxer.hikari.HikariDataSource       : HikariPool-1 - Starting...
2023-02-16T12:24:16.321+05:30  INFO 17984 --- [restartedMain] com.zaxxer.hikari.pool.HikariPool        : HikariPool-1 - Added connection com.mysql.cj.jdbc.ConnectionImpl@4dcc06c8
2023-02-16T12:24:16.324+05:30  INFO 17984 --- [restartedMain] com.zaxxer.hikari.HikariDataSource       : HikariPool-1 - Start completed.
2023-02-16T12:24:16.415+05:30  INFO 17984 --- [restartedMain] SQL dialect                              : HHH000400: Using dialect: org.hibernate.dialect.MySQLDialect
2023-02-16T12:24:16.800+05:30  INFO 17984 --- [restartedMain] o.h.e.t.j.p.i.JtaPlatformInitiator       : HHH000490: Using JtaPlatform implementation: [org.hibernate.engine.transaction.jta.platform.internal.NoJtaPlatform]
2023-02-16T12:24:16.820+05:30  INFO 17984 --- [restartedMain] j.LocalContainerEntityManagerFactoryBean : Initialized JPA EntityManagerFactory for persistence unit 'default'
2023-02-16T12:24:16.923+05:30  WARN 17984 --- [restartedMain] JpaBaseConfiguration$JpaWebConfiguration : spring.jpa.open-in-view is enabled by default. Therefore, database queries may be performed during view rendering. Explicitly configure spring.jpa.open-in-view to disable this warning
2023-02-16T12:24:17.399+05:30  INFO 17984 --- [restartedMain] o.s.b.d.a.OptionalLiveReloadServer       : LiveReload server is running on port 35729
2023-02-16T12:24:17.485+05:30  INFO 17984 --- [restartedMain] o.s.b.w.embedded.tomcat.TomcatWebServer  : Tomcat started on port(s): 8080 (http) with context path ''
2023-02-16T12:24:17.504+05:30  INFO 17984 --- [restartedMain] c.e.e.EmployeePayrollApplication         : Started EmployeePayrollApplication in 4.124 seconds (process running for 4.885)
2023-02-16T12:24:17.509+05:30  INFO 17984 --- [restartedMain] c.e.e.EmployeePayrollApplication         : Employee Payroll App Started in COMMON Environment
2023-02-16T12:24:45.649+05:30  INFO 17984 --- [SpringApplicationShutdownHook] j.LocalContainerEntityManagerFactoryBean : Closing JPA EntityManagerFactory for persistence unit 'default'
2023-02-16T12:24:45.652+05:30  INFO 17984 --- [SpringApplicationShutdownHook] com.zaxxer.hikari.HikariDataSource       : HikariPool-1 - Shutdown initiated...
2023-02-16T12:24:45.663+05:30  INFO 17984 --- [SpringApplicationShutdownHook] com.zaxxer.hikari.HikariDataSource       : HikariPool-1 - Shutdown completed.
2023-02-16T12:24:49.931+05:30  INFO 27132 --- [restartedMain] c.e.e.EmployeePayrollApplication         : Starting EmployeePayrollApplication using Java 17.0.6 with PID 27132 (C:\Users\Akshay\IdeaProjects\Employee_Payroll\target\classes started by Akshay in C:\Users\Akshay\IdeaProjects\Employee_Payroll)
2023-02-16T12:24:49.937+05:30  INFO 27132 --- [restartedMain] c.e.e.EmployeePayrollApplication         : No active profile set, falling back to 1 default profile: "default"
2023-02-16T12:24:50.007+05:30  INFO 27132 --- [restartedMain] .e.DevToolsPropertyDefaultsPostProcessor : Devtools property defaults active! Set 'spring.devtools.add-properties' to 'false' to disable
2023-02-16T12:24:50.008+05:30  INFO 27132 --- [restartedMain] .e.DevToolsPropertyDefaultsPostProcessor : For additional web related logging consider setting the 'logging.level.web' property to 'DEBUG'
2023-02-16T12:24:50.636+05:30  INFO 27132 --- [restartedMain] .s.d.r.c.RepositoryConfigurationDelegate : Bootstrapping Spring Data JPA repositories in DEFAULT mode.
2023-02-16T12:24:50.669+05:30  INFO 27132 --- [restartedMain] .s.d.r.c.RepositoryConfigurationDelegate : Finished Spring Data repository scanning in 23 ms. Found 0 JPA repository interfaces.
2023-02-16T12:24:51.370+05:30  INFO 27132 --- [restartedMain] o.s.b.w.embedded.tomcat.TomcatWebServer  : Tomcat initialized with port(s): 8080 (http)
2023-02-16T12:24:51.378+05:30  INFO 27132 --- [restartedMain] o.apache.catalina.core.StandardService   : Starting service [Tomcat]
2023-02-16T12:24:51.378+05:30  INFO 27132 --- [restartedMain] o.apache.catalina.core.StandardEngine    : Starting Servlet engine: [Apache Tomcat/10.1.5]
2023-02-16T12:24:51.437+05:30  INFO 27132 --- [restartedMain] o.a.c.c.C.[Tomcat].[localhost].[/]       : Initializing Spring embedded WebApplicationContext
2023-02-16T12:24:51.437+05:30  INFO 27132 --- [restartedMain] w.s.c.ServletWebServerApplicationContext : Root WebApplicationContext: initialization completed in 1429 ms
2023-02-16T12:24:51.583+05:30  INFO 27132 --- [restartedMain] o.hibernate.jpa.internal.util.LogHelper  : HHH000204: Processing PersistenceUnitInfo [name: default]
2023-02-16T12:24:51.648+05:30  INFO 27132 --- [restartedMain] org.hibernate.Version                    : HHH000412: Hibernate ORM core version 6.1.6.Final
2023-02-16T12:24:51.858+05:30  WARN 27132 --- [restartedMain] org.hibernate.orm.deprecation            : HHH90000021: Encountered deprecated setting [javax.persistence.sharedCache.mode], use [jakarta.persistence.sharedCache.mode] instead
2023-02-16T12:24:51.956+05:30  INFO 27132 --- [restartedMain] com.zaxxer.hikari.HikariDataSource       : HikariPool-1 - Starting...
2023-02-16T12:24:52.133+05:30  INFO 27132 --- [restartedMain] com.zaxxer.hikari.pool.HikariPool        : HikariPool-1 - Added connection com.mysql.cj.jdbc.ConnectionImpl@97aa0a2
2023-02-16T12:24:52.135+05:30  INFO 27132 --- [restartedMain] com.zaxxer.hikari.HikariDataSource       : HikariPool-1 - Start completed.
2023-02-16T12:24:52.209+05:30  INFO 27132 --- [restartedMain] SQL dialect                              : HHH000400: Using dialect: org.hibernate.dialect.MySQLDialect
2023-02-16T12:24:52.515+05:30  INFO 27132 --- [restartedMain] o.h.e.t.j.p.i.JtaPlatformInitiator       : HHH000490: Using JtaPlatform implementation: [org.hibernate.engine.transaction.jta.platform.internal.NoJtaPlatform]
2023-02-16T12:24:52.524+05:30  INFO 27132 --- [restartedMain] j.LocalContainerEntityManagerFactoryBean : Initialized JPA EntityManagerFactory for persistence unit 'default'
2023-02-16T12:24:52.588+05:30  WARN 27132 --- [restartedMain] JpaBaseConfiguration$JpaWebConfiguration : spring.jpa.open-in-view is enabled by default. Therefore, database queries may be performed during view rendering. Explicitly configure spring.jpa.open-in-view to disable this warning
2023-02-16T12:24:53.025+05:30  INFO 27132 --- [restartedMain] o.s.b.d.a.OptionalLiveReloadServer       : LiveReload server is running on port 35729
2023-02-16T12:24:53.128+05:30  INFO 27132 --- [restartedMain] o.s.b.w.embedded.tomcat.TomcatWebServer  : Tomcat started on port(s): 8080 (http) with context path ''
2023-02-16T12:24:53.148+05:30  INFO 27132 --- [restartedMain] c.e.e.EmployeePayrollApplication         : Started EmployeePayrollApplication in 3.673 seconds (process running for 4.557)
2023-02-16T12:24:53.154+05:30  INFO 27132 --- [restartedMain] c.e.e.EmployeePayrollApplication         : Employee Payroll App Started in COMMON Environment
2023-02-16T12:27:01.417+05:30  INFO 27132 --- [SpringApplicationShutdownHook] j.LocalContainerEntityManagerFactoryBean : Closing JPA EntityManagerFactory for persistence unit 'default'
2023-02-16T12:27:01.421+05:30  INFO 27132 --- [SpringApplicationShutdownHook] com.zaxxer.hikari.HikariDataSource       : HikariPool-1 - Shutdown initiated...
2023-02-16T12:27:01.435+05:30  INFO 27132 --- [SpringApplicationShutdownHook] com.zaxxer.hikari.HikariDataSource       : HikariPool-1 - Shutdown completed.
2023-02-16T12:27:09.175+05:30  WARN 34572 --- [restartedMain] JpaBaseConfiguration$JpaWebConfiguration : spring.jpa.open-in-view is enabled by default. Therefore, database queries may be performed during view rendering. Explicitly configure spring.jpa.open-in-view to disable this warning
2023-02-16T12:29:25.002+05:30  INFO 5196 --- [restartedMain] c.e.e.EmployeePayrollApplication         : Starting EmployeePayrollApplication using Java 17.0.6 with PID 5196 (C:\Users\Akshay\IdeaProjects\Employee_Payroll\target\classes started by Akshay in C:\Users\Akshay\IdeaProjects\Employee_Payroll)
2023-02-16T12:29:25.006+05:30 DEBUG 5196 --- [restartedMain] c.e.e.EmployeePayrollApplication         : Running with Spring Boot v3.0.2, Spring v6.0.4
2023-02-16T12:29:25.007+05:30  INFO 5196 --- [restartedMain] c.e.e.EmployeePayrollApplication         : No active profile set, falling back to 1 default profile: "default"
2023-02-16T12:29:27.721+05:30  WARN 5196 --- [restartedMain] JpaBaseConfiguration$JpaWebConfiguration : spring.jpa.open-in-view is enabled by default. Therefore, database queries may be performed during view rendering. Explicitly configure spring.jpa.open-in-view to disable this warning
2023-02-16T12:29:28.288+05:30  INFO 5196 --- [restartedMain] c.e.e.EmployeePayrollApplication         : Started EmployeePayrollApplication in 3.739 seconds (process running for 4.5)
2023-02-16T12:29:28.292+05:30  INFO 5196 --- [restartedMain] c.e.e.EmployeePayrollApplication         : Employee Payroll App Started in COMMON Environment
2023-02-16T12:30:09.185+05:30  INFO 23896 --- [restartedMain] c.e.e.EmployeePayrollApplication         : Starting EmployeePayrollApplication using Java 17.0.6 with PID 23896 (C:\Users\Akshay\IdeaProjects\Employee_Payroll\target\classes started by Akshay in C:\Users\Akshay\IdeaProjects\Employee_Payroll)
2023-02-16T12:30:09.188+05:30 DEBUG 23896 --- [restartedMain] c.e.e.EmployeePayrollApplication         : Running with Spring Boot v3.0.2, Spring v6.0.4
2023-02-16T12:30:09.189+05:30  INFO 23896 --- [restartedMain] c.e.e.EmployeePayrollApplication         : No active profile set, falling back to 1 default profile: "default"
2023-02-16T12:30:11.784+05:30  WARN 23896 --- [restartedMain] JpaBaseConfiguration$JpaWebConfiguration : spring.jpa.open-in-view is enabled by default. Therefore, database queries may be performed during view rendering. Explicitly configure spring.jpa.open-in-view to disable this warning
2023-02-16T12:30:12.281+05:30  INFO 23896 --- [restartedMain] c.e.e.EmployeePayrollApplication         : Started EmployeePayrollApplication in 3.568 seconds (process running for 4.325)
2023-02-16T12:30:12.285+05:30  INFO 23896 --- [restartedMain] c.e.e.EmployeePayrollApplication         : Employee Payroll App Started in DEV Environment
2023-02-16T12:50:07.633+05:30  INFO 22800 --- [restartedMain] c.e.e.EmployeePayrollApplication         : Starting EmployeePayrollApplication using Java 17.0.6 with PID 22800 (C:\Users\Akshay\IdeaProjects\Employee_Payroll\target\classes started by Akshay in C:\Users\Akshay\IdeaProjects\Employee_Payroll)
2023-02-16T12:50:07.636+05:30 DEBUG 22800 --- [restartedMain] c.e.e.EmployeePayrollApplication         : Running with Spring Boot v3.0.2, Spring v6.0.4
2023-02-16T12:50:07.637+05:30  INFO 22800 --- [restartedMain] c.e.e.EmployeePayrollApplication         : The following 1 profile is active: "DEV"
2023-02-16T12:50:10.274+05:30  WARN 22800 --- [restartedMain] JpaBaseConfiguration$JpaWebConfiguration : spring.jpa.open-in-view is enabled by default. Therefore, database queries may be performed during view rendering. Explicitly configure spring.jpa.open-in-view to disable this warning
2023-02-16T12:50:10.804+05:30  INFO 22800 --- [restartedMain] c.e.e.EmployeePayrollApplication         : Started EmployeePayrollApplication in 3.746 seconds (process running for 4.586)
2023-02-16T12:50:10.808+05:30  INFO 22800 --- [restartedMain] c.e.e.EmployeePayrollApplication         : Employee Payroll App Started in DEV Environment
2023-02-16T14:29:08.255+05:30  WARN 22800 --- [HikariPool-1 housekeeper] com.zaxxer.hikari.pool.HikariPool        : HikariPool-1 - Thread starvation or clock leap detected (housekeeper delta=1h2m57s746ms497µs300ns).
2023-02-16T14:48:29.833+05:30  WARN 22800 --- [HikariPool-1 housekeeper] com.zaxxer.hikari.pool.HikariPool        : HikariPool-1 - Thread starvation or clock leap detected (housekeeper delta=3m21s378ms534µs199ns).
2023-02-16T15:27:19.076+05:30  WARN 22800 --- [HikariPool-1 housekeeper] com.zaxxer.hikari.pool.HikariPool        : HikariPool-1 - Thread starvation or clock leap detected (housekeeper delta=16m48s942ms694µs201ns).
2023-02-16T16:28:20.146+05:30  WARN 22800 --- [HikariPool-1 housekeeper] com.zaxxer.hikari.pool.HikariPool        : HikariPool-1 - Thread starvation or clock leap detected (housekeeper delta=2m71ms133µs201ns).
2023-02-16T17:28:45.860+05:30  WARN 22800 --- [HikariPool-1 housekeeper] com.zaxxer.hikari.pool.HikariPool        : HikariPool-1 - Thread starvation or clock leap detected (housekeeper delta=3m54s835ms334µs500ns).
2023-02-16T19:21:48.951+05:30  WARN 22800 --- [HikariPool-1 housekeeper] com.zaxxer.hikari.pool.HikariPool        : HikariPool-1 - Thread starvation or clock leap detected (housekeeper delta=8m1s302ms233µs900ns).
2023-02-16T20:08:49.963+05:30  WARN 22800 --- [HikariPool-1 housekeeper] com.zaxxer.hikari.pool.HikariPool        : HikariPool-1 - Thread starvation or clock leap detected (housekeeper delta=13m506ms173µs399ns).
2023-02-16T20:51:48.507+05:30  INFO 9900 --- [restartedMain] c.e.e.EmployeePayrollApplication         : Starting EmployeePayrollApplication using Java 17.0.6 with PID 9900 (C:\Users\Akshay\IdeaProjects\Employee_Payroll\target\classes started by Akshay in C:\Users\Akshay\IdeaProjects\Employee_Payroll)
2023-02-16T20:51:48.510+05:30 DEBUG 9900 --- [restartedMain] c.e.e.EmployeePayrollApplication         : Running with Spring Boot v3.0.2, Spring v6.0.4
2023-02-16T20:51:48.511+05:30  INFO 9900 --- [restartedMain] c.e.e.EmployeePayrollApplication         : The following 1 profile is active: "DEV"
2023-02-16T20:51:51.309+05:30  WARN 9900 --- [restartedMain] JpaBaseConfiguration$JpaWebConfiguration : spring.jpa.open-in-view is enabled by default. Therefore, database queries may be performed during view rendering. Explicitly configure spring.jpa.open-in-view to disable this warning
2023-02-16T20:51:51.863+05:30  INFO 9900 --- [restartedMain] c.e.e.EmployeePayrollApplication         : Started EmployeePayrollApplication in 3.909 seconds (process running for 4.726)
2023-02-16T20:51:51.867+05:30  INFO 9900 --- [restartedMain] c.e.e.EmployeePayrollApplication         : Employee Payroll App Started in DEV Environment
2023-02-16T21:29:06.770+05:30  WARN 9900 --- [http-nio-8080-exec-10] .w.s.m.s.DefaultHandlerExceptionResolver : Resolved [org.springframework.http.converter.HttpMessageNotReadableException: JSON parse error: Unexpected character ('}' (code 125)): was expecting double-quote to start field name]
2023-02-16T21:29:13.768+05:30  WARN 9900 --- [http-nio-8080-exec-1] .w.s.m.s.DefaultHandlerExceptionResolver : Resolved [org.springframework.web.bind.MethodArgumentNotValidException: Validation failed for argument [0] in public org.springframework.http.ResponseEntity<com.example.employee_payroll.dto.ResponseDTO> com.example.employee_payroll.controller.RestController.createEmployeePayroollData(com.example.employee_payroll.dto.EmployeePayrollDTO) with 2 errors: [Field error in object 'employeePayrollDTO' on field 'name': rejected value [null]; codes [NotEmpty.employeePayrollDTO.name,NotEmpty.name,NotEmpty.java.lang.String,NotEmpty]; arguments [org.springframework.context.support.DefaultMessageSourceResolvable: codes [employeePayrollDTO.name,name]; arguments []; default message [name]]; default message [Please Enter your firstName]] [Field error in object 'employeePayrollDTO' on field 'salary': rejected value [0]; codes [Min.employeePayrollDTO.salary,Min.salary,Min.long,Min]; arguments [org.springframework.context.support.DefaultMessageSourceResolvable: codes [employeePayrollDTO.salary,salary]; arguments []; default message [salary],500]; default message [Minimum salary should be 500]] ]
2023-02-16T21:29:25.979+05:30  WARN 9900 --- [http-nio-8080-exec-5] .w.s.m.s.DefaultHandlerExceptionResolver : Resolved [org.springframework.web.bind.MethodArgumentNotValidException: Validation failed for argument [0] in public org.springframework.http.ResponseEntity<com.example.employee_payroll.dto.ResponseDTO> com.example.employee_payroll.controller.RestController.createEmployeePayroollData(com.example.employee_payroll.dto.EmployeePayrollDTO) with 2 errors: [Field error in object 'employeePayrollDTO' on field 'salary': rejected value [0]; codes [Min.employeePayrollDTO.salary,Min.salary,Min.long,Min]; arguments [org.springframework.context.support.DefaultMessageSourceResolvable: codes [employeePayrollDTO.salary,salary]; arguments []; default message [salary],500]; default message [Minimum salary should be 500]] [Field error in object 'employeePayrollDTO' on field 'name': rejected value [null]; codes [NotEmpty.employeePayrollDTO.name,NotEmpty.name,NotEmpty.java.lang.String,NotEmpty]; arguments [org.springframework.context.support.DefaultMessageSourceResolvable: codes [employeePayrollDTO.name,name]; arguments []; default message [name]]; default message [Please Enter your firstName]] ]
2023-02-16T21:29:43.368+05:30  INFO 35628 --- [restartedMain] c.e.e.EmployeePayrollApplication         : Starting EmployeePayrollApplication using Java 17.0.6 with PID 35628 (C:\Users\Akshay\IdeaProjects\Employee_Payroll\target\classes started by Akshay in C:\Users\Akshay\IdeaProjects\Employee_Payroll)
2023-02-16T21:29:43.372+05:30 DEBUG 35628 --- [restartedMain] c.e.e.EmployeePayrollApplication         : Running with Spring Boot v3.0.2, Spring v6.0.4
2023-02-16T21:29:43.374+05:30  INFO 35628 --- [restartedMain] c.e.e.EmployeePayrollApplication         : The following 1 profile is active: "DEV"
2023-02-16T21:29:46.577+05:30  WARN 35628 --- [restartedMain] JpaBaseConfiguration$JpaWebConfiguration : spring.jpa.open-in-view is enabled by default. Therefore, database queries may be performed during view rendering. Explicitly configure spring.jpa.open-in-view to disable this warning
2023-02-16T21:29:47.147+05:30  INFO 35628 --- [restartedMain] c.e.e.EmployeePayrollApplication         : Started EmployeePayrollApplication in 4.327 seconds (process running for 5.212)
2023-02-16T21:29:47.150+05:30  INFO 35628 --- [restartedMain] c.e.e.EmployeePayrollApplication         : Employee Payroll App Started in DEV Environment
2023-02-16T21:29:53.729+05:30  WARN 35628 --- [http-nio-8080-exec-6] .w.s.m.s.DefaultHandlerExceptionResolver : Resolved [org.springframework.web.bind.MethodArgumentNotValidException: Validation failed for argument [0] in public org.springframework.http.ResponseEntity<com.example.employee_payroll.dto.ResponseDTO> com.example.employee_payroll.controller.RestController.createEmployeePayroollData(com.example.employee_payroll.dto.EmployeePayrollDTO) with 2 errors: [Field error in object 'employeePayrollDTO' on field 'name': rejected value [null]; codes [NotEmpty.employeePayrollDTO.name,NotEmpty.name,NotEmpty.java.lang.String,NotEmpty]; arguments [org.springframework.context.support.DefaultMessageSourceResolvable: codes [employeePayrollDTO.name,name]; arguments []; default message [name]]; default message [Please Enter your firstName]] [Field error in object 'employeePayrollDTO' on field 'salary': rejected value [0]; codes [Min.employeePayrollDTO.salary,Min.salary,Min.long,Min]; arguments [org.springframework.context.support.DefaultMessageSourceResolvable: codes [employeePayrollDTO.salary,salary]; arguments []; default message [salary],500]; default message [Minimum salary should be 500]] ]
2023-02-16T21:30:28.617+05:30  WARN 35628 --- [http-nio-8080-exec-1] .w.s.m.s.DefaultHandlerExceptionResolver : Resolved [org.springframework.web.bind.MethodArgumentNotValidException: Validation failed for argument [0] in public org.springframework.http.ResponseEntity<com.example.employee_payroll.dto.ResponseDTO> com.example.employee_payroll.controller.RestController.createEmployeePayroollData(com.example.employee_payroll.dto.EmployeePayrollDTO) with 2 errors: [Field error in object 'employeePayrollDTO' on field 'salary': rejected value [0]; codes [Min.employeePayrollDTO.salary,Min.salary,Min.long,Min]; arguments [org.springframework.context.support.DefaultMessageSourceResolvable: codes [employeePayrollDTO.salary,salary]; arguments []; default message [salary],500]; default message [Minimum salary should be 500]] [Field error in object 'employeePayrollDTO' on field 'name': rejected value [null]; codes [NotEmpty.employeePayrollDTO.name,NotEmpty.name,NotEmpty.java.lang.String,NotEmpty]; arguments [org.springframework.context.support.DefaultMessageSourceResolvable: codes [employeePayrollDTO.name,name]; arguments []; default message [name]]; default message [Please Enter your firstName]] ]
2023-02-16T21:31:09.266+05:30  WARN 35628 --- [http-nio-8080-exec-5] .w.s.m.s.DefaultHandlerExceptionResolver : Resolved [org.springframework.web.bind.MethodArgumentNotValidException: Validation failed for argument [0] in public org.springframework.http.ResponseEntity<com.example.employee_payroll.dto.ResponseDTO> com.example.employee_payroll.controller.RestController.createEmployeePayroollData(com.example.employee_payroll.dto.EmployeePayrollDTO) with 2 errors: [Field error in object 'employeePayrollDTO' on field 'salary': rejected value [0]; codes [Min.employeePayrollDTO.salary,Min.salary,Min.long,Min]; arguments [org.springframework.context.support.DefaultMessageSourceResolvable: codes [employeePayrollDTO.salary,salary]; arguments []; default message [salary],500]; default message [Minimum salary should be 500]] [Field error in object 'employeePayrollDTO' on field 'name': rejected value [null]; codes [NotEmpty.employeePayrollDTO.name,NotEmpty.name,NotEmpty.java.lang.String,NotEmpty]; arguments [org.springframework.context.support.DefaultMessageSourceResolvable: codes [employeePayrollDTO.name,name]; arguments []; default message [name]]; default message [Please Enter your firstName]] ]
2023-02-16T21:34:02.850+05:30  INFO 34868 --- [restartedMain] c.e.e.EmployeePayrollApplication         : Starting EmployeePayrollApplication using Java 17.0.6 with PID 34868 (C:\Users\Akshay\IdeaProjects\Employee_Payroll\target\classes started by Akshay in C:\Users\Akshay\IdeaProjects\Employee_Payroll)
2023-02-16T21:34:02.854+05:30 DEBUG 34868 --- [restartedMain] c.e.e.EmployeePayrollApplication         : Running with Spring Boot v3.0.2, Spring v6.0.4
2023-02-16T21:34:02.854+05:30  INFO 34868 --- [restartedMain] c.e.e.EmployeePayrollApplication         : The following 1 profile is active: "DEV"
2023-02-16T21:34:05.492+05:30  WARN 34868 --- [restartedMain] JpaBaseConfiguration$JpaWebConfiguration : spring.jpa.open-in-view is enabled by default. Therefore, database queries may be performed during view rendering. Explicitly configure spring.jpa.open-in-view to disable this warning
2023-02-16T21:34:06.076+05:30  INFO 34868 --- [restartedMain] c.e.e.EmployeePayrollApplication         : Started EmployeePayrollApplication in 3.737 seconds (process running for 4.542)
2023-02-16T21:34:06.078+05:30  INFO 34868 --- [restartedMain] c.e.e.EmployeePayrollApplication         : Employee Payroll App Started in DEV Environment
2023-02-16T21:36:14.625+05:30  WARN 34868 --- [http-nio-8080-exec-3] .w.s.m.s.DefaultHandlerExceptionResolver : Resolved [org.springframework.web.bind.MethodArgumentNotValidException: Validation failed for argument [0] in public org.springframework.http.ResponseEntity<com.example.employee_payroll.dto.ResponseDTO> com.example.employee_payroll.controller.RestController.createEmployeePayroollData(com.example.employee_payroll.dto.EmployeePayrollDTO): [Field error in object 'employeePayrollDTO' on field 'name': rejected value [arush]; codes [Pattern.employeePayrollDTO.name,Pattern.name,Pattern.java.lang.String,Pattern]; arguments [org.springframework.context.support.DefaultMessageSourceResolvable: codes [employeePayrollDTO.name,name]; arguments []; default message [name],[Ljakarta.validation.constraints.Pattern$Flag;@7d913f5e,^[A-Z]{1}[a-z]{2,}\s{0,}$]; default message [Please enter valid name]] ]
2023-02-16T22:07:14.711+05:30  WARN 34868 --- [HikariPool-1 housekeeper] com.zaxxer.hikari.pool.HikariPool        : HikariPool-1 - Thread starvation or clock leap detected (housekeeper delta=7m39s178ms275µs200ns).
